C:\USERS\LEX\DROPBOX\TRAJECTAPP\DEBUG\TRAJECTAPP.EXE
C:\USERS\LEX\DROPBOX\TRAJECTAPP\DEBUG\TRAJECTAPP.ILK
C:\USERS\LEX\DROPBOX\TRAJECTAPP\DEBUG\TRAJECTAPP.PDB
C:\Users\lex\Dropbox\TrajectApp\TrajectApp\Debug\cl.command.1.tlog
C:\Users\lex\Dropbox\TrajectApp\TrajectApp\Debug\CL.read.1.tlog
C:\Users\lex\Dropbox\TrajectApp\TrajectApp\Debug\CL.write.1.tlog
C:\Users\lex\Dropbox\TrajectApp\TrajectApp\Debug\link.1996.read.1.tlog
C:\Users\lex\Dropbox\TrajectApp\TrajectApp\Debug\link.1996.write.1.tlog
C:\Users\lex\Dropbox\TrajectApp\TrajectApp\Debug\link.1996-cvtres.read.1.tlog
C:\Users\lex\Dropbox\TrajectApp\TrajectApp\Debug\link.1996-cvtres.write.1.tlog
C:\Users\lex\Dropbox\TrajectApp\TrajectApp\Debug\link.2156.read.1.tlog
C:\Users\lex\Dropbox\TrajectApp\TrajectApp\Debug\link.2156.write.1.tlog
C:\Users\lex\Dropbox\TrajectApp\TrajectApp\Debug\link.2156-cvtres.read.1.tlog
C:\Users\lex\Dropbox\TrajectApp\TrajectApp\Debug\link.2156-cvtres.write.1.tlog
C:\Users\lex\Dropbox\TrajectApp\TrajectApp\Debug\link.2360.read.1.tlog
C:\Users\lex\Dropbox\TrajectApp\TrajectApp\Debug\link.2360.write.1.tlog
C:\Users\lex\Dropbox\TrajectApp\TrajectApp\Debug\link.2360-cvtres.read.1.tlog
C:\Users\lex\Dropbox\TrajectApp\TrajectApp\Debug\link.2360-cvtres.write.1.tlog
C:\Users\lex\Dropbox\TrajectApp\TrajectApp\Debug\link.2684.read.1.tlog
C:\Users\lex\Dropbox\TrajectApp\TrajectApp\Debug\link.2684.write.1.tlog
C:\Users\lex\Dropbox\TrajectApp\TrajectApp\Debug\link.2684-cvtres.read.1.tlog
C:\Users\lex\Dropbox\TrajectApp\TrajectApp\Debug\link.2684-cvtres.write.1.tlog
C:\Users\lex\Dropbox\TrajectApp\TrajectApp\Debug\link.3132.read.1.tlog
C:\Users\lex\Dropbox\TrajectApp\TrajectApp\Debug\link.3132.write.1.tlog
C:\Users\lex\Dropbox\TrajectApp\TrajectApp\Debug\link.3132-cvtres.read.1.tlog
C:\Users\lex\Dropbox\TrajectApp\TrajectApp\Debug\link.3132-cvtres.write.1.tlog
C:\Users\lex\Dropbox\TrajectApp\TrajectApp\Debug\link.3692.read.1.tlog
C:\Users\lex\Dropbox\TrajectApp\TrajectApp\Debug\link.3692.write.1.tlog
C:\Users\lex\Dropbox\TrajectApp\TrajectApp\Debug\link.3692-cvtres.read.1.tlog
C:\Users\lex\Dropbox\TrajectApp\TrajectApp\Debug\link.3692-cvtres.write.1.tlog
C:\Users\lex\Dropbox\TrajectApp\TrajectApp\Debug\link.3820.read.1.tlog
C:\Users\lex\Dropbox\TrajectApp\TrajectApp\Debug\link.3820.write.1.tlog
C:\Users\lex\Dropbox\TrajectApp\TrajectApp\Debug\link.3820-cvtres.read.1.tlog
C:\Users\lex\Dropbox\TrajectApp\TrajectApp\Debug\link.3820-cvtres.write.1.tlog
C:\Users\lex\Dropbox\TrajectApp\TrajectApp\Debug\link.4864.read.1.tlog
C:\Users\lex\Dropbox\TrajectApp\TrajectApp\Debug\link.4864.write.1.tlog
C:\Users\lex\Dropbox\TrajectApp\TrajectApp\Debug\link.4864-cvtres.read.1.tlog
C:\Users\lex\Dropbox\TrajectApp\TrajectApp\Debug\link.4864-cvtres.write.1.tlog
C:\Users\lex\Dropbox\TrajectApp\TrajectApp\Debug\link.4984.read.1.tlog
C:\Users\lex\Dropbox\TrajectApp\TrajectApp\Debug\link.4984.write.1.tlog
C:\Users\lex\Dropbox\TrajectApp\TrajectApp\Debug\link.4984-cvtres.read.1.tlog
C:\Users\lex\Dropbox\TrajectApp\TrajectApp\Debug\link.4984-cvtres.write.1.tlog
C:\Users\lex\Dropbox\TrajectApp\TrajectApp\Debug\link.5608.read.1.tlog
C:\Users\lex\Dropbox\TrajectApp\TrajectApp\Debug\link.5608.write.1.tlog
C:\Users\lex\Dropbox\TrajectApp\TrajectApp\Debug\link.5608-cvtres.read.1.tlog
C:\Users\lex\Dropbox\TrajectApp\TrajectApp\Debug\link.5608-cvtres.write.1.tlog
C:\Users\lex\Dropbox\TrajectApp\TrajectApp\Debug\link.5792.read.1.tlog
C:\Users\lex\Dropbox\TrajectApp\TrajectApp\Debug\link.5792.write.1.tlog
C:\Users\lex\Dropbox\TrajectApp\TrajectApp\Debug\link.5792-cvtres.read.1.tlog
C:\Users\lex\Dropbox\TrajectApp\TrajectApp\Debug\link.5792-cvtres.write.1.tlog
C:\Users\lex\Dropbox\TrajectApp\TrajectApp\Debug\link.5840.read.1.tlog
C:\Users\lex\Dropbox\TrajectApp\TrajectApp\Debug\link.5840.write.1.tlog
C:\Users\lex\Dropbox\TrajectApp\TrajectApp\Debug\link.5840-cvtres.read.1.tlog
C:\Users\lex\Dropbox\TrajectApp\TrajectApp\Debug\link.5840-cvtres.write.1.tlog
C:\Users\lex\Dropbox\TrajectApp\TrajectApp\Debug\link.696.read.1.tlog
C:\Users\lex\Dropbox\TrajectApp\TrajectApp\Debug\link.696.write.1.tlog
C:\Users\lex\Dropbox\TrajectApp\TrajectApp\Debug\link.696-cvtres.read.1.tlog
C:\Users\lex\Dropbox\TrajectApp\TrajectApp\Debug\link.696-cvtres.write.1.tlog
C:\Users\lex\Dropbox\TrajectApp\TrajectApp\Debug\link.command.1.tlog
C:\Users\lex\Dropbox\TrajectApp\TrajectApp\Debug\link.read.1.tlog
C:\Users\lex\Dropbox\TrajectApp\TrajectApp\Debug\link.write.1.tlog
C:\Users\lex\Dropbox\TrajectApp\TrajectApp\Debug\link-cvtres.read.1.tlog
C:\Users\lex\Dropbox\TrajectApp\TrajectApp\Debug\link-cvtres.write.1.tlog
C:\USERS\LEX\DROPBOX\TRAJECTAPP\TRAJECTAPP\DEBUG\MAIN.OBJ
C:\Users\lex\Dropbox\TrajectApp\TrajectApp\Debug\mt.command.1.tlog
C:\Users\lex\Dropbox\TrajectApp\TrajectApp\Debug\mt.read.1.tlog
C:\Users\lex\Dropbox\TrajectApp\TrajectApp\Debug\mt.write.1.tlog
C:\USERS\LEX\DROPBOX\TRAJECTAPP\TRAJECTAPP\DEBUG\NODE.OBJ
C:\USERS\LEX\DROPBOX\TRAJECTAPP\TRAJECTAPP\DEBUG\R_TREE_LEAF.OBJ
C:\USERS\LEX\DROPBOX\TRAJECTAPP\TRAJECTAPP\DEBUG\R_TREE_TIME.OBJ
C:\Users\lex\Dropbox\TrajectApp\TrajectApp\Debug\rc.command.1.tlog
C:\Users\lex\Dropbox\TrajectApp\TrajectApp\Debug\rc.read.1.tlog
C:\Users\lex\Dropbox\TrajectApp\TrajectApp\Debug\rc.write.1.tlog
C:\USERS\LEX\DROPBOX\TRAJECTAPP\TRAJECTAPP\DEBUG\SETI.OBJ
C:\USERS\LEX\DROPBOX\TRAJECTAPP\TRAJECTAPP\DEBUG\STACK.OBJ
C:\USERS\LEX\DROPBOX\TRAJECTAPP\TRAJECTAPP\DEBUG\STR-TREE.OBJ
C:\USERS\LEX\DROPBOX\TRAJECTAPP\TRAJECTAPP\DEBUG\TB-TREE.OBJ
C:\Users\lex\Dropbox\TrajectApp\TrajectApp\Debug\TrajectApp.exe.embed.manifest
C:\USERS\LEX\DROPBOX\TRAJECTAPP\TRAJECTAPP\DEBUG\TRAJECTAPP.EXE.EMBED.MANIFEST.RES
C:\USERS\LEX\DROPBOX\TRAJECTAPP\TRAJECTAPP\DEBUG\TRAJECTAPP.EXE.INTERMEDIATE.MANIFEST
C:\USERS\LEX\DROPBOX\TRAJECTAPP\TRAJECTAPP\DEBUG\TRAJECTAPP.RES
C:\Users\lex\Dropbox\TrajectApp\TrajectApp\Debug\TrajectApp.vcxprojResolveAssemblyReference.cache
C:\Users\lex\Dropbox\TrajectApp\TrajectApp\Debug\TrajectApp.write.1.tlog
C:\Users\lex\Dropbox\TrajectApp\TrajectApp\Debug\TrajectApp_manifest.rc
C:\USERS\LEX\DROPBOX\TRAJECTAPP\TRAJECTAPP\DEBUG\TRAJECTORY.OBJ
C:\Users\lex\Dropbox\TrajectApp\TrajectApp\Debug\vc100.idb
C:\USERS\LEX\DROPBOX\TRAJECTAPP\TRAJECTAPP\DEBUG\VC100.PDB
C:\USERS\Григорий\DOCUMENTS\VISUAL STUDIO 2010\PROJECTS\TRAJECTAPP\DEBUG\TRAJECTAPP.EXE
C:\USERS\Григорий\DOCUMENTS\VISUAL STUDIO 2010\PROJECTS\TRAJECTAPP\DEBUG\TRAJECTAPP.ILK
C:\USERS\ГРИГОРИЙ\DOCUMENTS\VISUAL STUDIO 2010\PROJECTS\TRAJECTAPP\DEBUG\TRAJECTAPP.PDB
C:\USERS\Григорий\DOCUMENTS\VISUAL STUDIO 2010\PROJECTS\TRAJECTAPP\TRAJECTAPP\DEBUG\MAIN.OBJ
C:\USERS\Григорий\DOCUMENTS\VISUAL STUDIO 2010\PROJECTS\TRAJECTAPP\TRAJECTAPP\DEBUG\NODE.OBJ
C:\USERS\Григорий\DOCUMENTS\VISUAL STUDIO 2010\PROJECTS\TRAJECTAPP\TRAJECTAPP\DEBUG\STACK.OBJ
C:\USERS\Григорий\DOCUMENTS\VISUAL STUDIO 2010\PROJECTS\TRAJECTAPP\TRAJECTAPP\DEBUG\STR-TREE.OBJ
C:\USERS\Григорий\DOCUMENTS\VISUAL STUDIO 2010\PROJECTS\TRAJECTAPP\TRAJECTAPP\DEBUG\TB-TREE.OBJ
C:\USERS\Григорий\DOCUMENTS\VISUAL STUDIO 2010\PROJECTS\TRAJECTAPP\TRAJECTAPP\DEBUG\TRAJECTAPP.EXE.EMBED.MANIFEST
C:\USERS\Григорий\DOCUMENTS\VISUAL STUDIO 2010\PROJECTS\TRAJECTAPP\TRAJECTAPP\DEBUG\TRAJECTAPP.EXE.EMBED.MANIFEST.RES
C:\USERS\Григорий\DOCUMENTS\VISUAL STUDIO 2010\PROJECTS\TRAJECTAPP\TRAJECTAPP\DEBUG\TRAJECTAPP.EXE.INTERMEDIATE.MANIFEST
C:\USERS\Григорий\DOCUMENTS\VISUAL STUDIO 2010\PROJECTS\TRAJECTAPP\TRAJECTAPP\DEBUG\TRAJECTAPP.RES
C:\USERS\Григорий\DOCUMENTS\VISUAL STUDIO 2010\PROJECTS\TRAJECTAPP\TRAJECTAPP\DEBUG\TRAJECTORY.OBJ
C:\USERS\ГРИГОРИЙ\DOCUMENTS\VISUAL STUDIO 2010\PROJECTS\TRAJECTAPP\TRAJECTAPP\DEBUG\VC100.PDB
C:\USERS\Леша\DESKTOP\TRAJECTAPP\DEBUG\TRAJECTAPP.EXE
C:\USERS\Леша\DESKTOP\TRAJECTAPP\DEBUG\TRAJECTAPP.ILK
C:\USERS\ЛЕША\DESKTOP\TRAJECTAPP\DEBUG\TRAJECTAPP.PDB
C:\USERS\Леша\DESKTOP\TRAJECTAPP\TRAJECTAPP\DEBUG\MAIN.OBJ
C:\USERS\Леша\DESKTOP\TRAJECTAPP\TRAJECTAPP\DEBUG\NODE.OBJ
C:\USERS\Леша\DESKTOP\TRAJECTAPP\TRAJECTAPP\DEBUG\R_TREE_LEAF.OBJ
C:\USERS\Леша\DESKTOP\TRAJECTAPP\TRAJECTAPP\DEBUG\R_TREE_TIME.OBJ
C:\USERS\Леша\DESKTOP\TRAJECTAPP\TRAJECTAPP\DEBUG\SETI.OBJ
C:\USERS\Леша\DESKTOP\TRAJECTAPP\TRAJECTAPP\DEBUG\STACK.OBJ
C:\USERS\Леша\DESKTOP\TRAJECTAPP\TRAJECTAPP\DEBUG\STR-TREE.OBJ
C:\USERS\Леша\DESKTOP\TRAJECTAPP\TRAJECTAPP\DEBUG\TB-TREE.OBJ
C:\USERS\Леша\DESKTOP\TRAJECTAPP\TRAJECTAPP\DEBUG\TRAJECTAPP.EXE.EMBED.MANIFEST.RES
C:\USERS\Леша\DESKTOP\TRAJECTAPP\TRAJECTAPP\DEBUG\TRAJECTAPP.EXE.INTERMEDIATE.MANIFEST
C:\USERS\Леша\DESKTOP\TRAJECTAPP\TRAJECTAPP\DEBUG\TRAJECTAPP.RES
C:\USERS\Леша\DESKTOP\TRAJECTAPP\TRAJECTAPP\DEBUG\TRAJECTORY.OBJ
C:\USERS\ЛЕША\DESKTOP\TRAJECTAPP\TRAJECTAPP\DEBUG\VC100.PDB
C:\USERS\Леша\DOCUMENTS\VISUAL STUDIO 2010\PROJECTS\TRAJECTAPP\DEBUG\TRAJECTAPP.EXE
C:\USERS\Леша\DOCUMENTS\VISUAL STUDIO 2010\PROJECTS\TRAJECTAPP\DEBUG\TRAJECTAPP.ILK
C:\USERS\ЛЕША\DOCUMENTS\VISUAL STUDIO 2010\PROJECTS\TRAJECTAPP\DEBUG\TRAJECTAPP.PDB
C:\USERS\Леша\DOCUMENTS\VISUAL STUDIO 2010\PROJECTS\TRAJECTAPP\TRAJECTAPP\DEBUG\MAIN.OBJ
C:\USERS\Леша\DOCUMENTS\VISUAL STUDIO 2010\PROJECTS\TRAJECTAPP\TRAJECTAPP\DEBUG\NODE.OBJ
C:\USERS\Леша\DOCUMENTS\VISUAL STUDIO 2010\PROJECTS\TRAJECTAPP\TRAJECTAPP\DEBUG\R_TREE_LEAF.OBJ
C:\USERS\Леша\DOCUMENTS\VISUAL STUDIO 2010\PROJECTS\TRAJECTAPP\TRAJECTAPP\DEBUG\R_TREE_TIME.OBJ
C:\USERS\Леша\DOCUMENTS\VISUAL STUDIO 2010\PROJECTS\TRAJECTAPP\TRAJECTAPP\DEBUG\SETI.OBJ
C:\USERS\Леша\DOCUMENTS\VISUAL STUDIO 2010\PROJECTS\TRAJECTAPP\TRAJECTAPP\DEBUG\STACK.OBJ
C:\USERS\Леша\DOCUMENTS\VISUAL STUDIO 2010\PROJECTS\TRAJECTAPP\TRAJECTAPP\DEBUG\STR-TREE.OBJ
C:\USERS\Леша\DOCUMENTS\VISUAL STUDIO 2010\PROJECTS\TRAJECTAPP\TRAJECTAPP\DEBUG\TB-TREE.OBJ
C:\USERS\Леша\DOCUMENTS\VISUAL STUDIO 2010\PROJECTS\TRAJECTAPP\TRAJECTAPP\DEBUG\TRAJECTAPP.EXE.EMBED.MANIFEST.RES
C:\USERS\Леша\DOCUMENTS\VISUAL STUDIO 2010\PROJECTS\TRAJECTAPP\TRAJECTAPP\DEBUG\TRAJECTAPP.EXE.INTERMEDIATE.MANIFEST
C:\USERS\Леша\DOCUMENTS\VISUAL STUDIO 2010\PROJECTS\TRAJECTAPP\TRAJECTAPP\DEBUG\TRAJECTAPP.RES
C:\USERS\Леша\DOCUMENTS\VISUAL STUDIO 2010\PROJECTS\TRAJECTAPP\TRAJECTAPP\DEBUG\TRAJECTORY.OBJ
C:\USERS\ЛЕША\DOCUMENTS\VISUAL STUDIO 2010\PROJECTS\TRAJECTAPP\TRAJECTAPP\DEBUG\VC100.PDB
