Build started 18.05.2015 23:24:23.
     1>Project "C:\Users\Григорий\Documents\Visual Studio 2010\Projects\TrajectApp\TrajectApp\TrajectApp.vcxproj" on node 2 (build target(s)).
     1>InitializeBuildStatus:
         Creating "Debug\TrajectApp.unsuccessfulbuild" because "AlwaysCreate" was specified.
       ClCompile:
         All outputs are up-to-date.
       ResourceCompile:
         All outputs are up-to-date.
       ManifestResourceCompile:
         All outputs are up-to-date.
       Link:
         All outputs are up-to-date.
       Manifest:
         All outputs are up-to-date.
       FinalizeBuildStatus:
         Deleting file "Debug\TrajectApp.unsuccessfulbuild".
         Touching "Debug\TrajectApp.lastbuildstate".
     1>Done Building Project "C:\Users\Григорий\Documents\Visual Studio 2010\Projects\TrajectApp\TrajectApp\TrajectApp.vcxproj" (build target(s)).

Build succeeded.

Time Elapsed 00:00:00.20
