Build started 18.05.2015 22:58:22.
     1>Project "C:\Users\Григорий\Documents\Visual Studio 2010\Projects\TrajectApp\TrajectApp\TrajectApp.vcxproj" on node 2 (build target(s)).
     1>InitializeBuildStatus:
         Creating "Release\TrajectApp.unsuccessfulbuild" because "AlwaysCreate" was specified.
       ClCompile:
         c:\Program Files\Microsoft Visual Studio 10.0\VC\bin\CL.exe /c /Zi /nologo /W3 /WX- /O2 /Oi /Oy- /GL /D WIN32 /D NDEBUG /D _WINDOWS /D _UNICODE /D UNICODE /Gm- /EHsc /MD /GS /Gy /fp:precise /Zc:wchar_t /Zc:forScope /Fo"Release\\" /Fd"Release\vc100.pdb" /Gd /TP /analyze- /errorReport:prompt main.cpp
         main.cpp
     1>c:\users\григорий\documents\visual studio 2010\projects\trajectapp\trajectapp\Node.h(36): warning C4305: 'initializing' : truncation from '__int64' to 'int'
     1>c:\users\григорий\documents\visual studio 2010\projects\trajectapp\trajectapp\Node.h(36): warning C4309: 'initializing' : truncation of constant value
     1>c:\users\григорий\documents\visual studio 2010\projects\trajectapp\trajectapp\Node.h(57): warning C4305: '=' : truncation from '__int64' to 'int'
     1>c:\users\григорий\documents\visual studio 2010\projects\trajectapp\trajectapp\Node.h(57): warning C4309: '=' : truncation of constant value
     1>c:\users\григорий\documents\visual studio 2010\projects\trajectapp\trajectapp\STR-TREE.h(55): warning C4244: 'return' : conversion from 'double' to 'int', possible loss of data
     1>main.cpp(247): warning C4244: 'argument' : conversion from 'time_t' to 'unsigned int', possible loss of data
     1>main.cpp(308): warning C4244: 'argument' : conversion from 'time_t' to 'unsigned int', possible loss of data
       ResourceCompile:
         All outputs are up-to-date.
       Link:
         c:\Program Files\Microsoft Visual Studio 10.0\VC\bin\link.exe /ERRORREPORT:PROMPT /OUT:"C:\Users\Григорий\Documents\Visual Studio 2010\Projects\TrajectApp\Release\TrajectApp.exe" /INCREMENTAL:NO /NOLOGO kernel32.lib user32.lib gdi32.lib winspool.lib comdlg32.lib advapi32.lib shell32.lib ole32.lib oleaut32.lib uuid.lib odbc32.lib odbccp32.lib /MANIFEST /ManifestFile:"Release\TrajectApp.exe.intermediate.manifest" /MANIFESTUAC:"level='asInvoker' uiAccess='false'" /DEBUG /PDB:"C:\Users\Григорий\Documents\Visual Studio 2010\Projects\TrajectApp\Release\TrajectApp.pdb" /SUBSYSTEM:WINDOWS /OPT:REF /OPT:ICF /LTCG /TLBID:1 /DYNAMICBASE /NXCOMPAT /IMPLIB:"C:\Users\Григорий\Documents\Visual Studio 2010\Projects\TrajectApp\Release\TrajectApp.lib" /MACHINE:X86 Release\TrajectApp.res
         Release\main.obj
         Release\Node.obj
         Release\R_tree_leaf.obj
         Release\R_tree_time.obj
         Release\SETI.obj
         Release\Stack.obj
         "Release\STR-TREE.obj"
         "Release\TB-tree.obj"
         Release\Trajectory.obj
         Generating code
     1>c:\users\григорий\documents\visual studio 2010\projects\trajectapp\trajectapp\seti.h(64): warning C4715: 'SETI::FindPreDot' : not all control paths return a value
     1>c:\users\григорий\documents\visual studio 2010\projects\trajectapp\trajectapp\seti.h(89): warning C4715: 'SETI::FindRegion' : not all control paths return a value
     1>c:\users\григорий\documents\visual studio 2010\projects\trajectapp\trajectapp\main.cpp(673): warning C4715: 'QueryDlgProc' : not all control paths return a value
     1>c:\users\григорий\documents\visual studio 2010\projects\trajectapp\trajectapp\main.cpp(376): warning C4715: 'IndexingDlgProc' : not all control paths return a value
     1>c:\users\григорий\documents\visual studio 2010\projects\trajectapp\trajectapp\main.cpp(217): warning C4715: 'MainDlgProc' : not all control paths return a value
         Finished generating code
         TrajectApp.vcxproj -> C:\Users\Григорий\Documents\Visual Studio 2010\Projects\TrajectApp\Release\TrajectApp.exe
       Manifest:
         c:\Program Files\Microsoft SDKs\Windows\v7.0A\bin\mt.exe /nologo /verbose /outputresource:"C:\Users\Григорий\Documents\Visual Studio 2010\Projects\TrajectApp\Release\TrajectApp.exe;#1" /manifest Release\TrajectApp.exe.intermediate.manifest
       FinalizeBuildStatus:
         Deleting file "Release\TrajectApp.unsuccessfulbuild".
         Touching "Release\TrajectApp.lastbuildstate".
     1>Done Building Project "C:\Users\Григорий\Documents\Visual Studio 2010\Projects\TrajectApp\TrajectApp\TrajectApp.vcxproj" (build target(s)).

Build succeeded.

Time Elapsed 00:00:01.97
