Build started 12.04.2014 10:39:20.
     1>Project "c:\Users\Григорий\documents\visual studio 2010\Projects\H_Tower\H_Tower\H_Tower.vcxproj" on node 2 (build target(s)).
     1>InitializeBuildStatus:
         Creating "Debug\H_Tower.unsuccessfulbuild" because "AlwaysCreate" was specified.
       ClCompile:
         All outputs are up-to-date.
         C:\Program Files\Microsoft Visual Studio 10.0\VC\bin\CL.exe /c /ZI /nologo /W3 /WX- /Od /Oy- /D WIN32 /D _DEBUG /D _CONSOLE /D _UNICODE /D UNICODE /Gm /EHsc /RTC1 /MDd /GS /fp:precise /Zc:wchar_t /Zc:forScope /Yu"StdAfx.h" /Fp"Debug\H_Tower.pch" /Fo"Debug\\" /Fd"Debug\vc100.pdb" /Gd /TP /analyze- /errorReport:prompt H_Tower.cpp
         H_Tower.cpp
     1>c:\users\григорий\documents\visual studio 2010\projects\h_tower\h_tower\h_tower.cpp(25): warning C4996: 'getch': The POSIX name for this item is deprecated. Instead, use the ISO C++ conformant name: _getch. See online help for details.
                 c:\program files\microsoft visual studio 10.0\vc\include\conio.h(128) : see declaration of 'getch'
       ManifestResourceCompile:
         All outputs are up-to-date.
       Link:
         C:\Program Files\Microsoft Visual Studio 10.0\VC\bin\link.exe /ERRORREPORT:PROMPT /OUT:"c:\users\григорий\documents\visual studio 2010\Projects\H_Tower\Debug\H_Tower.exe" /INCREMENTAL /NOLOGO kernel32.lib user32.lib gdi32.lib winspool.lib comdlg32.lib advapi32.lib shell32.lib ole32.lib oleaut32.lib uuid.lib odbc32.lib odbccp32.lib /MANIFEST /ManifestFile:"Debug\H_Tower.exe.intermediate.manifest" /MANIFESTUAC:"level='asInvoker' uiAccess='false'" /DEBUG /PDB:"c:\users\григорий\documents\visual studio 2010\Projects\H_Tower\Debug\H_Tower.pdb" /SUBSYSTEM:CONSOLE /TLBID:1 /DYNAMICBASE /NXCOMPAT /IMPLIB:"c:\users\григорий\documents\visual studio 2010\Projects\H_Tower\Debug\H_Tower.lib" /MACHINE:X86 Debug\H_Tower.exe.embed.manifest.res
         Debug\H_Tower.obj
         Debug\stdafx.obj
       Manifest:
         C:\Program Files\Microsoft SDKs\Windows\v7.0A\bin\mt.exe /nologo /verbose /out:"Debug\H_Tower.exe.embed.manifest" /manifest Debug\H_Tower.exe.intermediate.manifest
         All outputs are up-to-date.
       LinkEmbedManifest:
         All outputs are up-to-date.
         H_Tower.vcxproj -> c:\users\григорий\documents\visual studio 2010\Projects\H_Tower\Debug\H_Tower.exe
       FinalizeBuildStatus:
         Deleting file "Debug\H_Tower.unsuccessfulbuild".
         Touching "Debug\H_Tower.lastbuildstate".
     1>Done Building Project "c:\Users\Григорий\documents\visual studio 2010\Projects\H_Tower\H_Tower\H_Tower.vcxproj" (build target(s)).

Build succeeded.

Time Elapsed 00:00:00.60
