Сборка начата 05.05.2015 23:41:20.
     1>Проект "C:\Users\lex\Dropbox\LibTrajectMovingObject2\LibTrajectMovingObject\LibTrajectMovingObject.vcxproj" в узле 2 (целевые объекты build).
     1>InitializeBuildStatus:
         Создание "Debug\LibTrajectMovingObject.unsuccessfulbuild", так как было задано "AlwaysCreate".
       ClCompile:
         Для всех выходных данных обновления не требуется.
         D:\vs\VC\bin\CL.exe /c /ZI /nologo /W3 /WX- /Od /Oy- /D WIN32 /D _DEBUG /D _CONSOLE /D _UNICODE /D UNICODE /Gm /EHsc /RTC1 /MDd /GS /fp:precise /Zc:wchar_t /Zc:forScope /Yu"StdAfx.h" /Fp"Debug\LibTrajectMovingObject.pch" /Fo"Debug\\" /Fd"Debug\vc100.pdb" /Gd /TP /analyze- /errorReport:prompt LibTrajectMovingObject.cpp
         LibTrajectMovingObject.cpp
     1>c:\users\lex\dropbox\libtrajectmovingobject2\libtrajectmovingobject\node.h(38): warning C4305: инициализация: усечение из "__int64" к "int"
     1>c:\users\lex\dropbox\libtrajectmovingobject2\libtrajectmovingobject\node.h(38): warning C4309: инициализация: усечение константного значения
     1>c:\users\lex\dropbox\libtrajectmovingobject2\libtrajectmovingobject\node.h(57): warning C4305: =: усечение из "__int64" к "int"
     1>c:\users\lex\dropbox\libtrajectmovingobject2\libtrajectmovingobject\node.h(57): warning C4309: =: усечение константного значения
     1>c:\users\lex\dropbox\libtrajectmovingobject2\libtrajectmovingobject\str-tree.h(64): warning C4244: return: преобразование "double" в "int", возможна потеря данных
     1>c:\users\lex\dropbox\libtrajectmovingobject2\libtrajectmovingobject\libtrajectmovingobject.cpp(43): warning C4996: 'getch': The POSIX name for this item is deprecated. Instead, use the ISO C++ conformant name: _getch. See online help for details.
                 d:\vs\vc\include\conio.h(128): см. объявление "getch"
       ManifestResourceCompile:
         Для всех выходных данных обновления не требуется.
       Link:
         D:\vs\VC\bin\link.exe /ERRORREPORT:PROMPT /OUT:"C:\Users\lex\Dropbox\LibTrajectMovingObject2\Debug\LibTrajectMovingObject.exe" /INCREMENTAL /NOLOGO kernel32.lib user32.lib gdi32.lib winspool.lib comdlg32.lib advapi32.lib shell32.lib ole32.lib oleaut32.lib uuid.lib odbc32.lib odbccp32.lib /MANIFEST /ManifestFile:"Debug\LibTrajectMovingObject.exe.intermediate.manifest" /MANIFESTUAC:"level='asInvoker' uiAccess='false'" /DEBUG /PDB:"C:\Users\lex\Dropbox\LibTrajectMovingObject2\Debug\LibTrajectMovingObject.pdb" /SUBSYSTEM:CONSOLE /TLBID:1 /DYNAMICBASE /NXCOMPAT /IMPLIB:"C:\Users\lex\Dropbox\LibTrajectMovingObject2\Debug\LibTrajectMovingObject.lib" /MACHINE:X86 Debug\LibTrajectMovingObject.exe.embed.manifest.res
         Debug\LibTrajectMovingObject.obj
         Debug\Node.obj
         Debug\Stack.obj
         Debug\stdafx.obj
         "Debug\STR-TREE.obj"
         Debug\Trajectory.obj
       Manifest:
         C:\Program Files (x86)\Microsoft SDKs\Windows\v7.0A\bin\mt.exe /nologo /verbose /out:"Debug\LibTrajectMovingObject.exe.embed.manifest" /manifest Debug\LibTrajectMovingObject.exe.intermediate.manifest
         Для всех выходных данных обновления не требуется.
       LinkEmbedManifest:
         Для всех выходных данных обновления не требуется.
         LibTrajectMovingObject.vcxproj -> C:\Users\lex\Dropbox\LibTrajectMovingObject2\Debug\LibTrajectMovingObject.exe
       FinalizeBuildStatus:
         Файл "Debug\LibTrajectMovingObject.unsuccessfulbuild" удаляется.
         Обращение к "Debug\LibTrajectMovingObject.lastbuildstate".
     1>Построение проекта "C:\Users\lex\Dropbox\LibTrajectMovingObject2\LibTrajectMovingObject\LibTrajectMovingObject.vcxproj" завершено (целевые объекты build).

Построение успешно завершено.

Затраченное время: 00:00:01.30
